[38;5;8m2023-02-08 14:11:10[0m [I] [38;5;78;1mapp[0m [38;5;15;1mKoishi/4.11.5[0m
[38;5;8m2023-02-08 14:11:10[0m [I] [38;5;78;1mapp[0m apply plugin [38;5;78mgroup:entry[0m
[38;5;8m2023-02-08 14:11:10[0m [I] [38;5;78;1mapp[0m apply plugin [38;5;78mgroup:basic[0m
[38;5;8m2023-02-08 14:11:10[0m [I] [38;5;78;1mapp[0m apply plugin [38;5;78mhelp[0m
[38;5;8m2023-02-08 14:11:10[0m [I] [38;5;78;1mapp[0m apply plugin [38;5;78mlocales[0m
[38;5;8m2023-02-08 14:11:10[0m [I] [38;5;78;1mapp[0m apply plugin [38;5;78mrate-limit[0m
[38;5;8m2023-02-08 14:11:10[0m [I] [38;5;78;1mapp[0m apply plugin [38;5;78mcommands[0m
[38;5;8m2023-02-08 14:11:10[0m [I] [38;5;78;1mapp[0m apply plugin [38;5;78mgroup:console[0m
[38;5;8m2023-02-08 14:11:10[0m [I] [38;5;78;1mapp[0m apply plugin [38;5;78manalytics[0m
[38;5;8m2023-02-08 14:11:10[0m [I] [38;5;78;1mapp[0m apply plugin [38;5;78mconsole[0m
[38;5;8m2023-02-08 14:11:10[0m [I] [38;5;78;1mapp[0m apply plugin [38;5;78mdataview[0m
[38;5;8m2023-02-08 14:11:10[0m [I] [38;5;78;1mapp[0m apply plugin [38;5;78mlogger[0m
[38;5;8m2023-02-08 14:11:10[0m [I] [38;5;78;1mapp[0m apply plugin [38;5;78minsight[0m
[38;5;8m2023-02-08 14:11:10[0m [I] [38;5;78;1mapp[0m apply plugin [38;5;78mmarket[0m
[38;5;8m2023-02-08 14:11:10[0m [I] [38;5;78;1mapp[0m apply plugin [38;5;78msandbox[0m
[38;5;8m2023-02-08 14:11:10[0m [I] [38;5;78;1mapp[0m apply plugin [38;5;78mstatus[0m
[38;5;8m2023-02-08 14:11:10[0m [I] [38;5;78;1mapp[0m apply plugin [38;5;78mgroup:database[0m
[38;5;8m2023-02-08 14:11:10[0m [I] [38;5;78;1mapp[0m apply plugin [38;5;78mdatabase-sqlite[0m
[38;5;8m2023-02-08 14:11:10[0m [I] [38;5;78;1mapp[0m apply plugin [38;5;78massets-local[0m
[38;5;8m2023-02-08 14:11:10[0m [I] [38;5;78;1mapp[0m apply plugin [38;5;78mgroup:adapter[0m
[38;5;8m2023-02-08 14:11:10[0m [I] [38;5;78;1mapp[0m apply plugin [38;5;78madapter-onebot[0m
[38;5;8m2023-02-08 14:11:10[0m [I] [38;5;78;1mapp[0m apply plugin [38;5;78mgocqhttp[0m
[38;5;8m2023-02-08 14:11:10[0m [I] [38;5;78;1mapp[0m apply plugin [38;5;78mgroup:custom[0m
[38;5;8m2023-02-08 14:11:10[0m [I] [38;5;78;1mapp[0m apply plugin [38;5;78m./plugins/koishi-plugin-chatbot[0m
[38;5;8m2023-02-08 14:11:10[0m [I] [38;5;204;1massets[0m missing config "selfUrl", fallback to "file:" scheme
[38;5;8m2023-02-08 14:11:10[0m [I] [38;5;78;1mapp[0m server listening at [38;5;78mhttp://localhost:5140[0m
[38;5;8m2023-02-08 14:11:11[0m [W] [38;5;32;1mgocqhttp[0m Protocol -> device lock is disable. http api may fail.
[38;5;8m2023-02-08 14:11:14[0m [I] [38;5;214;1madapter[0m connect to server: [38;5;214mws://127.0.0.1:6700[0m
[38;5;8m2023-02-08 14:11:15[0m [W] [38;5;178;1mmarket[0m timeout of 5000ms exceeded
[38;5;8m2023-02-08 14:11:15[0m [W] [38;5;178;1mmarket[0m timeout of 5000ms exceeded
[38;5;8m2023-02-08 14:11:15[0m [W] [38;5;178;1mmarket[0m timeout of 5000ms exceeded
[38;5;8m2023-02-08 14:11:15[0m [W] [38;5;178;1mmarket[0m timeout of 5000ms exceeded
[38;5;8m2023-02-08 14:11:15[0m [W] [38;5;178;1mmarket[0m timeout of 5000ms exceeded
[38;5;8m2023-02-08 14:11:15[0m [W] [38;5;178;1mmarket[0m timeout of 5000ms exceeded
[38;5;8m2023-02-08 14:11:18[0m [W] [38;5;178;1mmarket[0m timeout of 5000ms exceeded
[38;5;8m2023-02-08 14:11:20[0m [W] [38;5;178;1mmarket[0m timeout of 5000ms exceeded
[38;5;8m2023-02-08 14:11:20[0m [W] [38;5;178;1mmarket[0m timeout of 5000ms exceeded
